
*** Running vivado
    with args -log TFT_SPI_DISPLAY_240x320_v1_0.vds -m64 -mode batch -messageDb vivado.pb -notrace -source TFT_SPI_DISPLAY_240x320_v1_0.tcl


****** Vivado v2016.1 (64-bit)
  **** SW Build 1538259 on Fri Apr  8 15:45:27 MDT 2016
  **** IP Build 1537824 on Fri Apr  8 04:28:57 MDT 2016
    ** Copyright 1986-2016 Xilinx, Inc. All Rights Reserved.

source TFT_SPI_DISPLAY_240x320_v1_0.tcl -notrace
WARNING: [Board 49-26] cannot add Board Part digilentinc.com:genesys2:part0:1.1 available at C:/Xilinx/Vivado/2016.1/data/boards/board_files/genesys2/H/board.xml as part xc7k325tffg900-2 specified in board_part file is either invalid or not available
Command: synth_design -top TFT_SPI_DISPLAY_240x320_v1_0 -part xc7z010clg400-1
Starting synth_design
Attempting to get a license for feature 'Synthesis' and/or device 'xc7z010'
INFO: [Common 17-349] Got license for feature 'Synthesis' and/or device 'xc7z010'
INFO: Launching helper process for spawning children vivado processes
INFO: Helper process launched with PID 12992 
---------------------------------------------------------------------------------
Starting Synthesize : Time (s): cpu = 00:00:05 ; elapsed = 00:00:12 . Memory (MB): peak = 282.840 ; gain = 75.926
---------------------------------------------------------------------------------
INFO: [Synth 8-638] synthesizing module 'TFT_SPI_DISPLAY_240x320_v1_0' [C:/zybo_projects/ip_repo/TFT_SPI_DISPLAY_240x320_1.0/hdl/TFT_SPI_DISPLAY_240x320_v1_0.vhd:55]
	Parameter C_S00_AXI_DATA_WIDTH bound to: 32 - type: integer 
	Parameter C_S00_AXI_ADDR_WIDTH bound to: 4 - type: integer 
	Parameter C_S_AXI_DATA_WIDTH bound to: 32 - type: integer 
	Parameter C_S_AXI_ADDR_WIDTH bound to: 4 - type: integer 
INFO: [Synth 8-3491] module 'TFT_SPI_DISPLAY_240x320_v1_0_S00_AXI' declared at 'C:/zybo_projects/ip_repo/TFT_SPI_DISPLAY_240x320_1.0/hdl/TFT_SPI_DISPLAY_240x320_v1_0_S00_AXI.vhd:5' bound to instance 'TFT_SPI_DISPLAY_240x320_v1_0_S00_AXI_inst' of component 'TFT_SPI_DISPLAY_240x320_v1_0_S00_AXI' [C:/zybo_projects/ip_repo/TFT_SPI_DISPLAY_240x320_1.0/hdl/TFT_SPI_DISPLAY_240x320_v1_0.vhd:98]
INFO: [Synth 8-638] synthesizing module 'TFT_SPI_DISPLAY_240x320_v1_0_S00_AXI' [C:/zybo_projects/ip_repo/TFT_SPI_DISPLAY_240x320_1.0/hdl/TFT_SPI_DISPLAY_240x320_v1_0_S00_AXI.vhd:92]
	Parameter C_S_AXI_DATA_WIDTH bound to: 32 - type: integer 
	Parameter C_S_AXI_ADDR_WIDTH bound to: 4 - type: integer 
INFO: [Synth 8-226] default block is never used [C:/zybo_projects/ip_repo/TFT_SPI_DISPLAY_240x320_1.0/hdl/TFT_SPI_DISPLAY_240x320_v1_0_S00_AXI.vhd:268]
INFO: [Synth 8-226] default block is never used [C:/zybo_projects/ip_repo/TFT_SPI_DISPLAY_240x320_1.0/hdl/TFT_SPI_DISPLAY_240x320_v1_0_S00_AXI.vhd:401]
	Parameter DATA_LENGTH_BIT_SIZE bound to: 2 - type: integer 
	Parameter SETTLE_TIME_SIZE bound to: 4 - type: integer 
	Parameter DATA_SIZE bound to: 32 - type: integer 
	Parameter BAUD_RATE_DIVIDER_SIZE bound to: 8 - type: integer 
INFO: [Synth 8-3491] module 'espi' declared at 'C:/zybo_projects/ip_repo/edit_TFT_SPI_DISPLAY_240x320_v1_0.srcs/sources_1/imports/ESD Project/espi.vhd:27' bound to instance 'tft_espi_instance' of component 'espi' [C:/zybo_projects/ip_repo/TFT_SPI_DISPLAY_240x320_1.0/hdl/TFT_SPI_DISPLAY_240x320_v1_0_S00_AXI.vhd:485]
INFO: [Synth 8-638] synthesizing module 'espi' [C:/zybo_projects/ip_repo/edit_TFT_SPI_DISPLAY_240x320_v1_0.srcs/sources_1/imports/ESD Project/espi.vhd:49]
	Parameter DATA_LENGTH_BIT_SIZE bound to: 2 - type: integer 
	Parameter SETTLE_TIME_SIZE bound to: 4 - type: integer 
	Parameter DATA_SIZE bound to: 32 - type: integer 
	Parameter BAUD_RATE_DIVIDER_SIZE bound to: 8 - type: integer 
INFO: [Synth 8-226] default block is never used [C:/zybo_projects/ip_repo/edit_TFT_SPI_DISPLAY_240x320_v1_0.srcs/sources_1/imports/ESD Project/espi.vhd:117]
INFO: [Synth 8-256] done synthesizing module 'espi' (1#1) [C:/zybo_projects/ip_repo/edit_TFT_SPI_DISPLAY_240x320_v1_0.srcs/sources_1/imports/ESD Project/espi.vhd:49]
INFO: [Synth 8-256] done synthesizing module 'TFT_SPI_DISPLAY_240x320_v1_0_S00_AXI' (2#1) [C:/zybo_projects/ip_repo/TFT_SPI_DISPLAY_240x320_1.0/hdl/TFT_SPI_DISPLAY_240x320_v1_0_S00_AXI.vhd:92]
INFO: [Synth 8-256] done synthesizing module 'TFT_SPI_DISPLAY_240x320_v1_0' (3#1) [C:/zybo_projects/ip_repo/TFT_SPI_DISPLAY_240x320_1.0/hdl/TFT_SPI_DISPLAY_240x320_v1_0.vhd:55]
WARNING: [Synth 8-3331] design TFT_SPI_DISPLAY_240x320_v1_0_S00_AXI has unconnected port S_AXI_AWPROT[2]
WARNING: [Synth 8-3331] design TFT_SPI_DISPLAY_240x320_v1_0_S00_AXI has unconnected port S_AXI_AWPROT[1]
WARNING: [Synth 8-3331] design TFT_SPI_DISPLAY_240x320_v1_0_S00_AXI has unconnected port S_AXI_AWPROT[0]
WARNING: [Synth 8-3331] design TFT_SPI_DISPLAY_240x320_v1_0_S00_AXI has unconnected port S_AXI_ARPROT[2]
WARNING: [Synth 8-3331] design TFT_SPI_DISPLAY_240x320_v1_0_S00_AXI has unconnected port S_AXI_ARPROT[1]
WARNING: [Synth 8-3331] design TFT_SPI_DISPLAY_240x320_v1_0_S00_AXI has unconnected port S_AXI_ARPROT[0]
---------------------------------------------------------------------------------
Finished Synthesize : Time (s): cpu = 00:00:06 ; elapsed = 00:00:13 . Memory (MB): peak = 320.262 ; gain = 113.348
---------------------------------------------------------------------------------
---------------------------------------------------------------------------------
Finished Constraint Validation : Time (s): cpu = 00:00:06 ; elapsed = 00:00:13 . Memory (MB): peak = 320.262 ; gain = 113.348
---------------------------------------------------------------------------------
---------------------------------------------------------------------------------
Start Loading Part and Timing Information
---------------------------------------------------------------------------------
Loading part: xc7z010clg400-1
---------------------------------------------------------------------------------
Finished Loading Part and Timing Information : Time (s): cpu = 00:00:06 ; elapsed = 00:00:13 . Memory (MB): peak = 320.262 ; gain = 113.348
---------------------------------------------------------------------------------
INFO: [Synth 8-802] inferred FSM for state register 'current_state_reg' in module 'espi'
INFO: [Device 21-403] Loading part xc7z010clg400-1
INFO: [Synth 8-5544] ROM "i_rx_buffer" won't be mapped to Block RAM because address size (3) smaller than threshold (5)
INFO: [Synth 8-5544] ROM "i_rx_buffer" won't be mapped to Block RAM because address size (3) smaller than threshold (5)
INFO: [Synth 8-5544] ROM "counter" won't be mapped to Block RAM because address size (3) smaller than threshold (5)
INFO: [Synth 8-5546] ROM "next_state" won't be mapped to RAM because it is too sparse
INFO: [Synth 8-5546] ROM "next_state" won't be mapped to RAM because it is too sparse
INFO: [Synth 8-5546] ROM "next_state" won't be mapped to RAM because it is too sparse
INFO: [Synth 8-5546] ROM "next_state" won't be mapped to RAM because it is too sparse
INFO: [Synth 8-5544] ROM "data_rx" won't be mapped to Block RAM because address size (3) smaller than threshold (5)
INFO: [Synth 8-5546] ROM "next_state" won't be mapped to RAM because it is too sparse
INFO: [Synth 8-5544] ROM "next_state" won't be mapped to Block RAM because address size (1) smaller than threshold (5)
---------------------------------------------------------------------------------------------------
                   State |                     New Encoding |                Previous Encoding 
---------------------------------------------------------------------------------------------------
                spi_idle |                              001 |                              000
                spi_redy |                              000 |                              001
          spi_clk_active |                              010 |                              011
            spi_clk_idle |                              100 |                              010
                spi_stop |                              011 |                              100
---------------------------------------------------------------------------------------------------
INFO: [Synth 8-3354] encoded FSM with state register 'current_state_reg' using encoding 'sequential' in module 'espi'
---------------------------------------------------------------------------------
Finished RTL Optimization Phase 2 : Time (s): cpu = 00:00:06 ; elapsed = 00:00:13 . Memory (MB): peak = 345.816 ; gain = 138.902
---------------------------------------------------------------------------------

Report RTL Partitions: 
+-+--------------+------------+----------+
| |RTL Partition |Replication |Instances |
+-+--------------+------------+----------+
+-+--------------+------------+----------+
No constraint files found.
---------------------------------------------------------------------------------
Start RTL Component Statistics 
---------------------------------------------------------------------------------
Detailed RTL Component Info : 
+---Adders : 
	   2 Input      8 Bit       Adders := 1     
	   2 Input      5 Bit       Adders := 1     
	   2 Input      4 Bit       Adders := 1     
+---Registers : 
	               32 Bit    Registers := 8     
	                8 Bit    Registers := 1     
	                5 Bit    Registers := 1     
	                4 Bit    Registers := 3     
	                2 Bit    Registers := 2     
	                1 Bit    Registers := 9     
+---Muxes : 
	   2 Input     32 Bit        Muxes := 10    
	   4 Input     32 Bit        Muxes := 7     
	   2 Input      5 Bit        Muxes := 3     
	   4 Input      5 Bit        Muxes := 1     
	   2 Input      3 Bit        Muxes := 9     
	   5 Input      3 Bit        Muxes := 5     
	  10 Input      3 Bit        Muxes := 1     
	   2 Input      1 Bit        Muxes := 19    
	   5 Input      1 Bit        Muxes := 3     
	   3 Input      1 Bit        Muxes := 1     
	   4 Input      1 Bit        Muxes := 1     
---------------------------------------------------------------------------------
Finished RTL Component Statistics 
---------------------------------------------------------------------------------
---------------------------------------------------------------------------------
Start RTL Hierarchical Component Statistics 
---------------------------------------------------------------------------------
Hierarchical RTL Component report 
Module espi 
Detailed RTL Component Info : 
+---Adders : 
	   2 Input      8 Bit       Adders := 1     
	   2 Input      5 Bit       Adders := 1     
	   2 Input      4 Bit       Adders := 1     
+---Registers : 
	               32 Bit    Registers := 3     
	                8 Bit    Registers := 1     
	                5 Bit    Registers := 1     
	                4 Bit    Registers := 1     
+---Muxes : 
	   2 Input     32 Bit        Muxes := 6     
	   4 Input     32 Bit        Muxes := 2     
	   2 Input      5 Bit        Muxes := 3     
	   4 Input      5 Bit        Muxes := 1     
	   2 Input      3 Bit        Muxes := 9     
	   5 Input      3 Bit        Muxes := 5     
	  10 Input      3 Bit        Muxes := 1     
	   2 Input      1 Bit        Muxes := 12    
	   5 Input      1 Bit        Muxes := 3     
	   3 Input      1 Bit        Muxes := 1     
Module TFT_SPI_DISPLAY_240x320_v1_0_S00_AXI 
Detailed RTL Component Info : 
+---Registers : 
	               32 Bit    Registers := 5     
	                4 Bit    Registers := 2     
	                2 Bit    Registers := 2     
	                1 Bit    Registers := 9     
+---Muxes : 
	   2 Input     32 Bit        Muxes := 4     
	   4 Input     32 Bit        Muxes := 5     
	   2 Input      1 Bit        Muxes := 7     
	   4 Input      1 Bit        Muxes := 1     
---------------------------------------------------------------------------------
Finished RTL Hierarchical Component Statistics
---------------------------------------------------------------------------------
---------------------------------------------------------------------------------
Start Part Resource Summary
---------------------------------------------------------------------------------
Part Resources:
DSPs: 80 (col length:40)
BRAMs: 120 (col length: RAMB18 40 RAMB36 20)
---------------------------------------------------------------------------------
Finished Part Resource Summary
---------------------------------------------------------------------------------
Start Parallel Synthesis Optimization  : Time (s): cpu = 00:00:09 ; elapsed = 00:00:16 . Memory (MB): peak = 444.211 ; gain = 237.297
---------------------------------------------------------------------------------
Start Cross Boundary Optimization
---------------------------------------------------------------------------------
INFO: [Synth 8-5544] ROM "TFT_SPI_DISPLAY_240x320_v1_0_S00_AXI_inst/tft_espi_instance/" won't be mapped to Block RAM because address size (2) smaller than threshold (5)
WARNING: [Synth 8-3331] design TFT_SPI_DISPLAY_240x320_v1_0 has unconnected port s00_axi_awprot[2]
WARNING: [Synth 8-3331] design TFT_SPI_DISPLAY_240x320_v1_0 has unconnected port s00_axi_awprot[1]
WARNING: [Synth 8-3331] design TFT_SPI_DISPLAY_240x320_v1_0 has unconnected port s00_axi_awprot[0]
WARNING: [Synth 8-3331] design TFT_SPI_DISPLAY_240x320_v1_0 has unconnected port s00_axi_arprot[2]
WARNING: [Synth 8-3331] design TFT_SPI_DISPLAY_240x320_v1_0 has unconnected port s00_axi_arprot[1]
WARNING: [Synth 8-3331] design TFT_SPI_DISPLAY_240x320_v1_0 has unconnected port s00_axi_arprot[0]
---------------------------------------------------------------------------------
Finished Cross Boundary Optimization : Time (s): cpu = 00:00:09 ; elapsed = 00:00:17 . Memory (MB): peak = 444.215 ; gain = 237.301
---------------------------------------------------------------------------------
Finished Parallel Reinference  : Time (s): cpu = 00:00:09 ; elapsed = 00:00:17 . Memory (MB): peak = 444.215 ; gain = 237.301

Report RTL Partitions: 
+-+--------------+------------+----------+
| |RTL Partition |Replication |Instances |
+-+--------------+------------+----------+
+-+--------------+------------+----------+
No constraint files found.
---------------------------------------------------------------------------------
Start Area Optimization
---------------------------------------------------------------------------------
INFO: [Synth 8-3886] merging instance 'TFT_SPI_DISPLAY_240x320_v1_0_S00_AXI_inst/axi_rresp_reg[0]' (FDRE) to 'TFT_SPI_DISPLAY_240x320_v1_0_S00_AXI_inst/axi_rresp_reg[1]'
INFO: [Synth 8-3333] propagating constant 0 across sequential element (\TFT_SPI_DISPLAY_240x320_v1_0_S00_AXI_inst/axi_rresp_reg[1] )
INFO: [Synth 8-3886] merging instance 'TFT_SPI_DISPLAY_240x320_v1_0_S00_AXI_inst/axi_bresp_reg[0]' (FDRE) to 'TFT_SPI_DISPLAY_240x320_v1_0_S00_AXI_inst/axi_bresp_reg[1]'
INFO: [Synth 8-3333] propagating constant 0 across sequential element (\TFT_SPI_DISPLAY_240x320_v1_0_S00_AXI_inst/axi_bresp_reg[1] )
WARNING: [Synth 8-3332] Sequential element (TFT_SPI_DISPLAY_240x320_v1_0_S00_AXI_inst/axi_awaddr_reg[1]) is unused and will be removed from module TFT_SPI_DISPLAY_240x320_v1_0.
WARNING: [Synth 8-3332] Sequential element (TFT_SPI_DISPLAY_240x320_v1_0_S00_AXI_inst/axi_awaddr_reg[0]) is unused and will be removed from module TFT_SPI_DISPLAY_240x320_v1_0.
WARNING: [Synth 8-3332] Sequential element (TFT_SPI_DISPLAY_240x320_v1_0_S00_AXI_inst/slv_reg0_reg[31]) is unused and will be removed from module TFT_SPI_DISPLAY_240x320_v1_0.
WARNING: [Synth 8-3332] Sequential element (TFT_SPI_DISPLAY_240x320_v1_0_S00_AXI_inst/slv_reg0_reg[30]) is unused and will be removed from module TFT_SPI_DISPLAY_240x320_v1_0.
WARNING: [Synth 8-3332] Sequential element (TFT_SPI_DISPLAY_240x320_v1_0_S00_AXI_inst/slv_reg0_reg[29]) is unused and will be removed from module TFT_SPI_DISPLAY_240x320_v1_0.
WARNING: [Synth 8-3332] Sequential element (TFT_SPI_DISPLAY_240x320_v1_0_S00_AXI_inst/slv_reg0_reg[28]) is unused and will be removed from module TFT_SPI_DISPLAY_240x320_v1_0.
WARNING: [Synth 8-3332] Sequential element (TFT_SPI_DISPLAY_240x320_v1_0_S00_AXI_inst/slv_reg0_reg[27]) is unused and will be removed from module TFT_SPI_DISPLAY_240x320_v1_0.
WARNING: [Synth 8-3332] Sequential element (TFT_SPI_DISPLAY_240x320_v1_0_S00_AXI_inst/slv_reg0_reg[26]) is unused and will be removed from module TFT_SPI_DISPLAY_240x320_v1_0.
WARNING: [Synth 8-3332] Sequential element (TFT_SPI_DISPLAY_240x320_v1_0_S00_AXI_inst/slv_reg0_reg[25]) is unused and will be removed from module TFT_SPI_DISPLAY_240x320_v1_0.
WARNING: [Synth 8-3332] Sequential element (TFT_SPI_DISPLAY_240x320_v1_0_S00_AXI_inst/slv_reg0_reg[24]) is unused and will be removed from module TFT_SPI_DISPLAY_240x320_v1_0.
WARNING: [Synth 8-3332] Sequential element (TFT_SPI_DISPLAY_240x320_v1_0_S00_AXI_inst/slv_reg0_reg[23]) is unused and will be removed from module TFT_SPI_DISPLAY_240x320_v1_0.
WARNING: [Synth 8-3332] Sequential element (TFT_SPI_DISPLAY_240x320_v1_0_S00_AXI_inst/slv_reg0_reg[22]) is unused and will be removed from module TFT_SPI_DISPLAY_240x320_v1_0.
WARNING: [Synth 8-3332] Sequential element (TFT_SPI_DISPLAY_240x320_v1_0_S00_AXI_inst/slv_reg0_reg[21]) is unused and will be removed from module TFT_SPI_DISPLAY_240x320_v1_0.
WARNING: [Synth 8-3332] Sequential element (TFT_SPI_DISPLAY_240x320_v1_0_S00_AXI_inst/slv_reg0_reg[20]) is unused and will be removed from module TFT_SPI_DISPLAY_240x320_v1_0.
WARNING: [Synth 8-3332] Sequential element (TFT_SPI_DISPLAY_240x320_v1_0_S00_AXI_inst/slv_reg0_reg[19]) is unused and will be removed from module TFT_SPI_DISPLAY_240x320_v1_0.
WARNING: [Synth 8-3332] Sequential element (TFT_SPI_DISPLAY_240x320_v1_0_S00_AXI_inst/slv_reg0_reg[18]) is unused and will be removed from module TFT_SPI_DISPLAY_240x320_v1_0.
WARNING: [Synth 8-3332] Sequential element (TFT_SPI_DISPLAY_240x320_v1_0_S00_AXI_inst/slv_reg0_reg[15]) is unused and will be removed from module TFT_SPI_DISPLAY_240x320_v1_0.
WARNING: [Synth 8-3332] Sequential element (TFT_SPI_DISPLAY_240x320_v1_0_S00_AXI_inst/axi_bresp_reg[1]) is unused and will be removed from module TFT_SPI_DISPLAY_240x320_v1_0.
WARNING: [Synth 8-3332] Sequential element (TFT_SPI_DISPLAY_240x320_v1_0_S00_AXI_inst/axi_bresp_reg[0]) is unused and will be removed from module TFT_SPI_DISPLAY_240x320_v1_0.
WARNING: [Synth 8-3332] Sequential element (TFT_SPI_DISPLAY_240x320_v1_0_S00_AXI_inst/axi_araddr_reg[1]) is unused and will be removed from module TFT_SPI_DISPLAY_240x320_v1_0.
WARNING: [Synth 8-3332] Sequential element (TFT_SPI_DISPLAY_240x320_v1_0_S00_AXI_inst/axi_araddr_reg[0]) is unused and will be removed from module TFT_SPI_DISPLAY_240x320_v1_0.
WARNING: [Synth 8-3332] Sequential element (TFT_SPI_DISPLAY_240x320_v1_0_S00_AXI_inst/axi_rresp_reg[1]) is unused and will be removed from module TFT_SPI_DISPLAY_240x320_v1_0.
WARNING: [Synth 8-3332] Sequential element (TFT_SPI_DISPLAY_240x320_v1_0_S00_AXI_inst/axi_rresp_reg[0]) is unused and will be removed from module TFT_SPI_DISPLAY_240x320_v1_0.
---------------------------------------------------------------------------------
Finished Area Optimization : Time (s): cpu = 00:00:10 ; elapsed = 00:00:17 . Memory (MB): peak = 466.742 ; gain = 259.828
---------------------------------------------------------------------------------
Finished Parallel Area Optimization  : Time (s): cpu = 00:00:10 ; elapsed = 00:00:17 . Memory (MB): peak = 466.742 ; gain = 259.828

Report RTL Partitions: 
+-+--------------+------------+----------+
| |RTL Partition |Replication |Instances |
+-+--------------+------------+----------+
+-+--------------+------------+----------+
---------------------------------------------------------------------------------
Start Timing Optimization
---------------------------------------------------------------------------------
No constraint files found.
---------------------------------------------------------------------------------
Finished Timing Optimization : Time (s): cpu = 00:00:10 ; elapsed = 00:00:17 . Memory (MB): peak = 466.742 ; gain = 259.828
---------------------------------------------------------------------------------

Report RTL Partitions: 
+-+--------------+------------+----------+
| |RTL Partition |Replication |Instances |
+-+--------------+------------+----------+
+-+--------------+------------+----------+
---------------------------------------------------------------------------------
Start Technology Mapping
---------------------------------------------------------------------------------
---------------------------------------------------------------------------------
Finished Technology Mapping : Time (s): cpu = 00:00:10 ; elapsed = 00:00:17 . Memory (MB): peak = 466.742 ; gain = 259.828
---------------------------------------------------------------------------------
Finished Parallel Technology Mapping Optimization  : Time (s): cpu = 00:00:10 ; elapsed = 00:00:17 . Memory (MB): peak = 466.742 ; gain = 259.828

Report RTL Partitions: 
+-+--------------+------------+----------+
| |RTL Partition |Replication |Instances |
+-+--------------+------------+----------+
+-+--------------+------------+----------+
Finished Parallel Synthesis Optimization  : Time (s): cpu = 00:00:10 ; elapsed = 00:00:17 . Memory (MB): peak = 466.742 ; gain = 259.828
---------------------------------------------------------------------------------
Start IO Insertion
---------------------------------------------------------------------------------
---------------------------------------------------------------------------------
Start Flattening Before IO Insertion
---------------------------------------------------------------------------------
---------------------------------------------------------------------------------
Finished Flattening Before IO Insertion
---------------------------------------------------------------------------------
---------------------------------------------------------------------------------
Start Final Netlist Cleanup
---------------------------------------------------------------------------------
---------------------------------------------------------------------------------
Finished Final Netlist Cleanup
---------------------------------------------------------------------------------
---------------------------------------------------------------------------------
Finished IO Insertion : Time (s): cpu = 00:00:10 ; elapsed = 00:00:18 . Memory (MB): peak = 466.742 ; gain = 259.828
---------------------------------------------------------------------------------

Report Check Netlist: 
+------+------------------+-------+---------+-------+------------------+
|      |Item              |Errors |Warnings |Status |Description       |
+------+------------------+-------+---------+-------+------------------+
|1     |multi_driven_nets |      0|        0|Passed |Multi driven nets |
+------+------------------+-------+---------+-------+------------------+
---------------------------------------------------------------------------------
Start Renaming Generated Instances
---------------------------------------------------------------------------------
---------------------------------------------------------------------------------
Finished Renaming Generated Instances : Time (s): cpu = 00:00:10 ; elapsed = 00:00:18 . Memory (MB): peak = 466.742 ; gain = 259.828
---------------------------------------------------------------------------------

Report RTL Partitions: 
+-+--------------+------------+----------+
| |RTL Partition |Replication |Instances |
+-+--------------+------------+----------+
+-+--------------+------------+----------+
---------------------------------------------------------------------------------
Start Rebuilding User Hierarchy
---------------------------------------------------------------------------------
---------------------------------------------------------------------------------
Finished Rebuilding User Hierarchy : Time (s): cpu = 00:00:10 ; elapsed = 00:00:18 . Memory (MB): peak = 466.742 ; gain = 259.828
---------------------------------------------------------------------------------
---------------------------------------------------------------------------------
Start Renaming Generated Ports
---------------------------------------------------------------------------------
---------------------------------------------------------------------------------
Finished Renaming Generated Ports : Time (s): cpu = 00:00:10 ; elapsed = 00:00:18 . Memory (MB): peak = 466.742 ; gain = 259.828
---------------------------------------------------------------------------------
---------------------------------------------------------------------------------
Start Handling Custom Attributes
---------------------------------------------------------------------------------
---------------------------------------------------------------------------------
Finished Handling Custom Attributes : Time (s): cpu = 00:00:11 ; elapsed = 00:00:18 . Memory (MB): peak = 466.742 ; gain = 259.828
---------------------------------------------------------------------------------
---------------------------------------------------------------------------------
Start Renaming Generated Nets
---------------------------------------------------------------------------------
---------------------------------------------------------------------------------
Finished Renaming Generated Nets : Time (s): cpu = 00:00:11 ; elapsed = 00:00:18 . Memory (MB): peak = 466.742 ; gain = 259.828
---------------------------------------------------------------------------------
---------------------------------------------------------------------------------
Start Writing Synthesis Report
---------------------------------------------------------------------------------

Report BlackBoxes: 
+-+--------------+----------+
| |BlackBox name |Instances |
+-+--------------+----------+
+-+--------------+----------+

Report Cell Usage: 
+------+-----+------+
|      |Cell |Count |
+------+-----+------+
|1     |BUFG |     1|
|2     |LUT1 |     4|
|3     |LUT2 |     3|
|4     |LUT3 |    33|
|5     |LUT4 |    30|
|6     |LUT5 |    41|
|7     |LUT6 |    44|
|8     |FDRE |   208|
|9     |FDSE |     3|
|10    |IBUF |    47|
|11    |OBUF |    46|
+------+-----+------+

Report Instance Areas: 
+------+--------------------------------------------+-------------------------------------+------+
|      |Instance                                    |Module                               |Cells |
+------+--------------------------------------------+-------------------------------------+------+
|1     |top                                         |                                     |   460|
|2     |  TFT_SPI_DISPLAY_240x320_v1_0_S00_AXI_inst |TFT_SPI_DISPLAY_240x320_v1_0_S00_AXI |   366|
|3     |    tft_espi_instance                       |espi                                 |   152|
+------+--------------------------------------------+-------------------------------------+------+
---------------------------------------------------------------------------------
Finished Writing Synthesis Report : Time (s): cpu = 00:00:11 ; elapsed = 00:00:18 . Memory (MB): peak = 466.742 ; gain = 259.828
---------------------------------------------------------------------------------
Synthesis finished with 0 errors, 0 critical warnings and 35 warnings.
Synthesis Optimization Runtime : Time (s): cpu = 00:00:09 ; elapsed = 00:00:10 . Memory (MB): peak = 466.742 ; gain = 259.828
Synthesis Optimization Complete : Time (s): cpu = 00:00:11 ; elapsed = 00:00:18 . Memory (MB): peak = 466.742 ; gain = 259.828
INFO: [Project 1-571] Translating synthesized netlist
INFO: [Netlist 29-17] Analyzing 47 Unisim elements for replacement
INFO: [Netlist 29-28] Unisim Transformation completed in 0 CPU seconds
INFO: [Project 1-570] Preparing netlist for logic optimization
INFO: [Opt 31-138] Pushed 1 inverter(s) to 13 load pin(s).
INFO: [Project 1-111] Unisim Transformation Summary:
No Unisim elements were transformed.

INFO: [Common 17-83] Releasing license: Synthesis
37 Infos, 36 Warnings, 0 Critical Warnings and 0 Errors encountered.
synth_design completed successfully
synth_design: Time (s): cpu = 00:00:11 ; elapsed = 00:00:13 . Memory (MB): peak = 531.656 ; gain = 324.742
report_utilization: Time (s): cpu = 00:00:00 ; elapsed = 00:00:00.017 . Memory (MB): peak = 531.656 ; gain = 0.000
INFO: [Common 17-206] Exiting Vivado at Fri Dec 16 18:28:31 2016...
