#-----------------------------------------------------------
# Vivado v2016.1 (64-bit)
# SW Build 1538259 on Fri Apr  8 15:45:27 MDT 2016
# IP Build 1537824 on Fri Apr  8 04:28:57 MDT 2016
# Start of session at: Sun Nov 20 20:25:51 2016
# Process ID: 14964
# Current directory: C:/zybo_projects/ip_repo
# Command line: vivado.exe -gui_launcher_event rodinguilauncherevent5388 C:\zybo_projects\ip_repo\edit_poxi_2_v1_0.xpr
# Log file: C:/zybo_projects/ip_repo/vivado.log
# Journal file: C:/zybo_projects/ip_repo\vivado.jou
#-----------------------------------------------------------
start_gui
open_project C:/zybo_projects/ip_repo/edit_poxi_2_v1_0.xpr
Scanning sources...
Finished scanning sources
INFO: [IP_Flow 19-234] Refreshing IP repositories
INFO: [IP_Flow 19-1700] Loaded user IP repository 'c:/zybo_projects/ip_repo/poxi_2_1.0'.
INFO: [IP_Flow 19-2313] Loaded Vivado IP repository 'C:/Xilinx/Vivado/2016.1/data/ip'.
update_compile_order -fileset sources_1
ipx::open_ipxact_file {C:\zybo_projects\ip_repo\poxi_2_1.0\component.xml}
reset_run synth_1
launch_runs synth_1
INFO: [HDL 9-1061] Parsing VHDL file "C:/zybo_projects/ip_repo/poxi_2_1.0/hdl/poxi_2_v1_0_S00_AXI.vhd" into library xil_defaultlib [C:/zybo_projects/ip_repo/poxi_2_1.0/hdl/poxi_2_v1_0_S00_AXI.vhd:1]
CRITICAL WARNING: [HDL 9-806] Syntax error near ")". [C:/zybo_projects/ip_repo/poxi_2_1.0/hdl/poxi_2_v1_0_S00_AXI.vhd:449]
[Sun Nov 20 20:28:29 2016] Launched synth_1...
Run output will be captured here: C:/zybo_projects/ip_repo/edit_poxi_2_v1_0.runs/synth_1/runme.log
reset_run synth_1
launch_runs synth_1
INFO: [HDL 9-1061] Parsing VHDL file "C:/zybo_projects/ip_repo/poxi_2_1.0/hdl/poxi_2_v1_0_S00_AXI.vhd" into library xil_defaultlib [C:/zybo_projects/ip_repo/poxi_2_1.0/hdl/poxi_2_v1_0_S00_AXI.vhd:1]
[Sun Nov 20 20:28:58 2016] Launched synth_1...
Run output will be captured here: C:/zybo_projects/ip_repo/edit_poxi_2_v1_0.runs/synth_1/runme.log
reset_run synth_1
launch_runs synth_1
INFO: [HDL 9-1061] Parsing VHDL file "C:/zybo_projects/ip_repo/poxi_2_1.0/hdl/poxi_2_v1_0_S00_AXI.vhd" into library xil_defaultlib [C:/zybo_projects/ip_repo/poxi_2_1.0/hdl/poxi_2_v1_0_S00_AXI.vhd:1]
[Sun Nov 20 20:29:33 2016] Launched synth_1...
Run output will be captured here: C:/zybo_projects/ip_repo/edit_poxi_2_v1_0.runs/synth_1/runme.log
set_property core_revision 3 [ipx::current_core]
ipx::create_xgui_files [ipx::current_core]
ipx::update_checksums [ipx::current_core]
ipx::save_core [ipx::current_core]
update_ip_catalog -rebuild -repo_path c:/zybo_projects/ip_repo/poxi_2_1.0
INFO: [IP_Flow 19-725] Reloaded user IP repository 'c:/zybo_projects/ip_repo/poxi_2_1.0'
ipx::check_integrity -quiet [ipx::current_core]
ipx::archive_core {C:\zybo_projects\ip_repo\poxi_2_1.0\xilinx.com_user_poxi_2_1.0.zip} [ipx::current_core]
ipx::unload_core component_1
ipx::open_ipxact_file {C:\zybo_projects\ip_repo\poxi_2_1.0\component.xml}
set_property core_revision 4 [ipx::current_core]
ipx::create_xgui_files [ipx::current_core]
ipx::update_checksums [ipx::current_core]
ipx::save_core [ipx::current_core]
update_ip_catalog -rebuild -repo_path c:/zybo_projects/ip_repo/poxi_2_1.0
INFO: [IP_Flow 19-725] Reloaded user IP repository 'c:/zybo_projects/ip_repo/poxi_2_1.0'
ipx::check_integrity -quiet [ipx::current_core]
ipx::archive_core {C:\zybo_projects\ip_repo\poxi_2_1.0\xilinx.com_user_poxi_2_1.0.zip} [ipx::current_core]
ipx::unload_core component_2
exit
INFO: [Common 17-206] Exiting Vivado at Sun Nov 20 20:31:42 2016...
